Performing C SOURCE FILE Test OpenMP_FLAG_DETECTED failed with the following output:
Change Dir: /Users/gsingh/Work/Projects/EmpiricalErrorAnalysis/build/CMakeFiles/CMakeTmp

Run Build Command:"/usr/bin/make" "cmTC_e5f9e/fast"
/Applications/Xcode.app/Contents/Developer/usr/bin/make -f CMakeFiles/cmTC_e5f9e.dir/build.make CMakeFiles/cmTC_e5f9e.dir/build
Building C object CMakeFiles/cmTC_e5f9e.dir/src.c.o
/Applications/Xcode.app/Contents/Developer/Toolchains/XcodeDefault.xctoolchain/usr/bin/clang    -DOpenMP_FLAG_DETECTED -fopenmp=libomp   -o CMakeFiles/cmTC_e5f9e.dir/src.c.o   -c /Users/gsingh/Work/Projects/EmpiricalErrorAnalysis/build/CMakeFiles/CMakeTmp/src.c
clang: warning: argument unused during compilation: '-fopenmp=libomp'
/Users/gsingh/Work/Projects/EmpiricalErrorAnalysis/build/CMakeFiles/CMakeTmp/src.c:2:10: fatal error: 'omp.h' file not found
#include <omp.h>
         ^
1 error generated.
make[1]: *** [CMakeFiles/cmTC_e5f9e.dir/src.c.o] Error 1
make: *** [cmTC_e5f9e/fast] Error 2

Source file was:

#include <omp.h>
int main() {
#ifdef _OPENMP
  return 0;
#else
  breaks_on_purpose
#endif
}

Performing C SOURCE FILE Test OpenMP_FLAG_DETECTED failed with the following output:
Change Dir: /Users/gsingh/Work/Projects/EmpiricalErrorAnalysis/build/CMakeFiles/CMakeTmp

Run Build Command:"/usr/bin/make" "cmTC_5b498/fast"
/Applications/Xcode.app/Contents/Developer/usr/bin/make -f CMakeFiles/cmTC_5b498.dir/build.make CMakeFiles/cmTC_5b498.dir/build
Building C object CMakeFiles/cmTC_5b498.dir/src.c.o
/Applications/Xcode.app/Contents/Developer/Toolchains/XcodeDefault.xctoolchain/usr/bin/clang    -DOpenMP_FLAG_DETECTED   -o CMakeFiles/cmTC_5b498.dir/src.c.o   -c /Users/gsingh/Work/Projects/EmpiricalErrorAnalysis/build/CMakeFiles/CMakeTmp/src.c
/Users/gsingh/Work/Projects/EmpiricalErrorAnalysis/build/CMakeFiles/CMakeTmp/src.c:2:10: fatal error: 'omp.h' file not found
#include <omp.h>
         ^
1 error generated.
make[1]: *** [CMakeFiles/cmTC_5b498.dir/src.c.o] Error 1
make: *** [cmTC_5b498/fast] Error 2

Source file was:

#include <omp.h>
int main() {
#ifdef _OPENMP
  return 0;
#else
  breaks_on_purpose
#endif
}

Performing C SOURCE FILE Test OpenMP_FLAG_DETECTED failed with the following output:
Change Dir: /Users/gsingh/Work/Projects/EmpiricalErrorAnalysis/build/CMakeFiles/CMakeTmp

Run Build Command:"/usr/bin/make" "cmTC_cd803/fast"
/Applications/Xcode.app/Contents/Developer/usr/bin/make -f CMakeFiles/cmTC_cd803.dir/build.make CMakeFiles/cmTC_cd803.dir/build
Building C object CMakeFiles/cmTC_cd803.dir/src.c.o
/Applications/Xcode.app/Contents/Developer/Toolchains/XcodeDefault.xctoolchain/usr/bin/clang    -DOpenMP_FLAG_DETECTED -fopenmp   -o CMakeFiles/cmTC_cd803.dir/src.c.o   -c /Users/gsingh/Work/Projects/EmpiricalErrorAnalysis/build/CMakeFiles/CMakeTmp/src.c
/Users/gsingh/Work/Projects/EmpiricalErrorAnalysis/build/CMakeFiles/CMakeTmp/src.c:2:10: fatal error: 'omp.h' file not found
#include <omp.h>
         ^
1 error generated.
make[1]: *** [CMakeFiles/cmTC_cd803.dir/src.c.o] Error 1
make: *** [cmTC_cd803/fast] Error 2

Source file was:

#include <omp.h>
int main() {
#ifdef _OPENMP
  return 0;
#else
  breaks_on_purpose
#endif
}

Performing C SOURCE FILE Test OpenMP_FLAG_DETECTED failed with the following output:
Change Dir: /Users/gsingh/Work/Projects/EmpiricalErrorAnalysis/build/CMakeFiles/CMakeTmp

Run Build Command:"/usr/bin/make" "cmTC_83e10/fast"
/Applications/Xcode.app/Contents/Developer/usr/bin/make -f CMakeFiles/cmTC_83e10.dir/build.make CMakeFiles/cmTC_83e10.dir/build
Building C object CMakeFiles/cmTC_83e10.dir/src.c.o
/Applications/Xcode.app/Contents/Developer/Toolchains/XcodeDefault.xctoolchain/usr/bin/clang    -DOpenMP_FLAG_DETECTED /openmp   -o CMakeFiles/cmTC_83e10.dir/src.c.o   -c /Users/gsingh/Work/Projects/EmpiricalErrorAnalysis/build/CMakeFiles/CMakeTmp/src.c
clang: error: no such file or directory: '/openmp'
make[1]: *** [CMakeFiles/cmTC_83e10.dir/src.c.o] Error 1
make: *** [cmTC_83e10/fast] Error 2

Source file was:

#include <omp.h>
int main() {
#ifdef _OPENMP
  return 0;
#else
  breaks_on_purpose
#endif
}

Performing C SOURCE FILE Test OpenMP_FLAG_DETECTED failed with the following output:
Change Dir: /Users/gsingh/Work/Projects/EmpiricalErrorAnalysis/build/CMakeFiles/CMakeTmp

Run Build Command:"/usr/bin/make" "cmTC_12b10/fast"
/Applications/Xcode.app/Contents/Developer/usr/bin/make -f CMakeFiles/cmTC_12b10.dir/build.make CMakeFiles/cmTC_12b10.dir/build
Building C object CMakeFiles/cmTC_12b10.dir/src.c.o
/Applications/Xcode.app/Contents/Developer/Toolchains/XcodeDefault.xctoolchain/usr/bin/clang    -DOpenMP_FLAG_DETECTED -Qopenmp   -o CMakeFiles/cmTC_12b10.dir/src.c.o   -c /Users/gsingh/Work/Projects/EmpiricalErrorAnalysis/build/CMakeFiles/CMakeTmp/src.c
clang: error: unknown argument: '-Qopenmp'
make[1]: *** [CMakeFiles/cmTC_12b10.dir/src.c.o] Error 1
make: *** [cmTC_12b10/fast] Error 2

Source file was:

#include <omp.h>
int main() {
#ifdef _OPENMP
  return 0;
#else
  breaks_on_purpose
#endif
}

Performing C SOURCE FILE Test OpenMP_FLAG_DETECTED failed with the following output:
Change Dir: /Users/gsingh/Work/Projects/EmpiricalErrorAnalysis/build/CMakeFiles/CMakeTmp

Run Build Command:"/usr/bin/make" "cmTC_a9ca0/fast"
/Applications/Xcode.app/Contents/Developer/usr/bin/make -f CMakeFiles/cmTC_a9ca0.dir/build.make CMakeFiles/cmTC_a9ca0.dir/build
Building C object CMakeFiles/cmTC_a9ca0.dir/src.c.o
/Applications/Xcode.app/Contents/Developer/Toolchains/XcodeDefault.xctoolchain/usr/bin/clang    -DOpenMP_FLAG_DETECTED -openmp   -o CMakeFiles/cmTC_a9ca0.dir/src.c.o   -c /Users/gsingh/Work/Projects/EmpiricalErrorAnalysis/build/CMakeFiles/CMakeTmp/src.c
/Users/gsingh/Work/Projects/EmpiricalErrorAnalysis/build/CMakeFiles/CMakeTmp/src.c:2:10: fatal error: 'omp.h' file not found
#include <omp.h>
         ^
1 error generated.
make[1]: *** [CMakeFiles/cmTC_a9ca0.dir/src.c.o] Error 1
make: *** [cmTC_a9ca0/fast] Error 2

Source file was:

#include <omp.h>
int main() {
#ifdef _OPENMP
  return 0;
#else
  breaks_on_purpose
#endif
}

Performing C SOURCE FILE Test OpenMP_FLAG_DETECTED failed with the following output:
Change Dir: /Users/gsingh/Work/Projects/EmpiricalErrorAnalysis/build/CMakeFiles/CMakeTmp

Run Build Command:"/usr/bin/make" "cmTC_a8144/fast"
/Applications/Xcode.app/Contents/Developer/usr/bin/make -f CMakeFiles/cmTC_a8144.dir/build.make CMakeFiles/cmTC_a8144.dir/build
Building C object CMakeFiles/cmTC_a8144.dir/src.c.o
/Applications/Xcode.app/Contents/Developer/Toolchains/XcodeDefault.xctoolchain/usr/bin/clang    -DOpenMP_FLAG_DETECTED -xopenmp   -o CMakeFiles/cmTC_a8144.dir/src.c.o   -c /Users/gsingh/Work/Projects/EmpiricalErrorAnalysis/build/CMakeFiles/CMakeTmp/src.c
clang: error: language not recognized: 'openmp'
clang: warning: /Users/gsingh/Work/Projects/EmpiricalErrorAnalysis/build/CMakeFiles/CMakeTmp/src.c: 'linker' input unused
make[1]: *** [CMakeFiles/cmTC_a8144.dir/src.c.o] Error 1
make: *** [cmTC_a8144/fast] Error 2

Source file was:

#include <omp.h>
int main() {
#ifdef _OPENMP
  return 0;
#else
  breaks_on_purpose
#endif
}

Performing C SOURCE FILE Test OpenMP_FLAG_DETECTED failed with the following output:
Change Dir: /Users/gsingh/Work/Projects/EmpiricalErrorAnalysis/build/CMakeFiles/CMakeTmp

Run Build Command:"/usr/bin/make" "cmTC_48245/fast"
/Applications/Xcode.app/Contents/Developer/usr/bin/make -f CMakeFiles/cmTC_48245.dir/build.make CMakeFiles/cmTC_48245.dir/build
Building C object CMakeFiles/cmTC_48245.dir/src.c.o
/Applications/Xcode.app/Contents/Developer/Toolchains/XcodeDefault.xctoolchain/usr/bin/clang    -DOpenMP_FLAG_DETECTED +Oopenmp   -o CMakeFiles/cmTC_48245.dir/src.c.o   -c /Users/gsingh/Work/Projects/EmpiricalErrorAnalysis/build/CMakeFiles/CMakeTmp/src.c
clang: error: no such file or directory: '+Oopenmp'
make[1]: *** [CMakeFiles/cmTC_48245.dir/src.c.o] Error 1
make: *** [cmTC_48245/fast] Error 2

Source file was:

#include <omp.h>
int main() {
#ifdef _OPENMP
  return 0;
#else
  breaks_on_purpose
#endif
}

Performing C SOURCE FILE Test OpenMP_FLAG_DETECTED failed with the following output:
Change Dir: /Users/gsingh/Work/Projects/EmpiricalErrorAnalysis/build/CMakeFiles/CMakeTmp

Run Build Command:"/usr/bin/make" "cmTC_8bddb/fast"
/Applications/Xcode.app/Contents/Developer/usr/bin/make -f CMakeFiles/cmTC_8bddb.dir/build.make CMakeFiles/cmTC_8bddb.dir/build
Building C object CMakeFiles/cmTC_8bddb.dir/src.c.o
/Applications/Xcode.app/Contents/Developer/Toolchains/XcodeDefault.xctoolchain/usr/bin/clang    -DOpenMP_FLAG_DETECTED -qsmp   -o CMakeFiles/cmTC_8bddb.dir/src.c.o   -c /Users/gsingh/Work/Projects/EmpiricalErrorAnalysis/build/CMakeFiles/CMakeTmp/src.c
clang: error: unknown argument: '-qsmp'
make[1]: *** [CMakeFiles/cmTC_8bddb.dir/src.c.o] Error 1
make: *** [cmTC_8bddb/fast] Error 2

Source file was:

#include <omp.h>
int main() {
#ifdef _OPENMP
  return 0;
#else
  breaks_on_purpose
#endif
}

Performing C SOURCE FILE Test OpenMP_FLAG_DETECTED failed with the following output:
Change Dir: /Users/gsingh/Work/Projects/EmpiricalErrorAnalysis/build/CMakeFiles/CMakeTmp

Run Build Command:"/usr/bin/make" "cmTC_f287a/fast"
/Applications/Xcode.app/Contents/Developer/usr/bin/make -f CMakeFiles/cmTC_f287a.dir/build.make CMakeFiles/cmTC_f287a.dir/build
Building C object CMakeFiles/cmTC_f287a.dir/src.c.o
/Applications/Xcode.app/Contents/Developer/Toolchains/XcodeDefault.xctoolchain/usr/bin/clang    -DOpenMP_FLAG_DETECTED -mp   -o CMakeFiles/cmTC_f287a.dir/src.c.o   -c /Users/gsingh/Work/Projects/EmpiricalErrorAnalysis/build/CMakeFiles/CMakeTmp/src.c
clang: error: unknown argument: '-mp'
make[1]: *** [CMakeFiles/cmTC_f287a.dir/src.c.o] Error 1
make: *** [cmTC_f287a/fast] Error 2

Source file was:

#include <omp.h>
int main() {
#ifdef _OPENMP
  return 0;
#else
  breaks_on_purpose
#endif
}

Performing C++ SOURCE FILE Test OpenMP_FLAG_DETECTED failed with the following output:
Change Dir: /Users/gsingh/Work/Projects/EmpiricalErrorAnalysis/build/CMakeFiles/CMakeTmp

Run Build Command:"/usr/bin/make" "cmTC_058d0/fast"
/Applications/Xcode.app/Contents/Developer/usr/bin/make -f CMakeFiles/cmTC_058d0.dir/build.make CMakeFiles/cmTC_058d0.dir/build
Building CXX object CMakeFiles/cmTC_058d0.dir/src.cxx.o
/Applications/Xcode.app/Contents/Developer/Toolchains/XcodeDefault.xctoolchain/usr/bin/c++     -std=c++11 -DOpenMP_FLAG_DETECTED -fopenmp=libomp   -o CMakeFiles/cmTC_058d0.dir/src.cxx.o -c /Users/gsingh/Work/Projects/EmpiricalErrorAnalysis/build/CMakeFiles/CMakeTmp/src.cxx
clang: warning: argument unused during compilation: '-fopenmp=libomp'
/Users/gsingh/Work/Projects/EmpiricalErrorAnalysis/build/CMakeFiles/CMakeTmp/src.cxx:2:10: fatal error: 'omp.h' file not found
#include <omp.h>
         ^
1 error generated.
make[1]: *** [CMakeFiles/cmTC_058d0.dir/src.cxx.o] Error 1
make: *** [cmTC_058d0/fast] Error 2

Source file was:

#include <omp.h>
int main() {
#ifdef _OPENMP
  return 0;
#else
  breaks_on_purpose
#endif
}

Performing C++ SOURCE FILE Test OpenMP_FLAG_DETECTED failed with the following output:
Change Dir: /Users/gsingh/Work/Projects/EmpiricalErrorAnalysis/build/CMakeFiles/CMakeTmp

Run Build Command:"/usr/bin/make" "cmTC_b90bc/fast"
/Applications/Xcode.app/Contents/Developer/usr/bin/make -f CMakeFiles/cmTC_b90bc.dir/build.make CMakeFiles/cmTC_b90bc.dir/build
Building CXX object CMakeFiles/cmTC_b90bc.dir/src.cxx.o
/Applications/Xcode.app/Contents/Developer/Toolchains/XcodeDefault.xctoolchain/usr/bin/c++     -std=c++11 -DOpenMP_FLAG_DETECTED   -o CMakeFiles/cmTC_b90bc.dir/src.cxx.o -c /Users/gsingh/Work/Projects/EmpiricalErrorAnalysis/build/CMakeFiles/CMakeTmp/src.cxx
/Users/gsingh/Work/Projects/EmpiricalErrorAnalysis/build/CMakeFiles/CMakeTmp/src.cxx:2:10: fatal error: 'omp.h' file not found
#include <omp.h>
         ^
1 error generated.
make[1]: *** [CMakeFiles/cmTC_b90bc.dir/src.cxx.o] Error 1
make: *** [cmTC_b90bc/fast] Error 2

Source file was:

#include <omp.h>
int main() {
#ifdef _OPENMP
  return 0;
#else
  breaks_on_purpose
#endif
}

Performing C++ SOURCE FILE Test OpenMP_FLAG_DETECTED failed with the following output:
Change Dir: /Users/gsingh/Work/Projects/EmpiricalErrorAnalysis/build/CMakeFiles/CMakeTmp

Run Build Command:"/usr/bin/make" "cmTC_472d0/fast"
/Applications/Xcode.app/Contents/Developer/usr/bin/make -f CMakeFiles/cmTC_472d0.dir/build.make CMakeFiles/cmTC_472d0.dir/build
Building CXX object CMakeFiles/cmTC_472d0.dir/src.cxx.o
/Applications/Xcode.app/Contents/Developer/Toolchains/XcodeDefault.xctoolchain/usr/bin/c++     -std=c++11 -DOpenMP_FLAG_DETECTED -fopenmp   -o CMakeFiles/cmTC_472d0.dir/src.cxx.o -c /Users/gsingh/Work/Projects/EmpiricalErrorAnalysis/build/CMakeFiles/CMakeTmp/src.cxx
/Users/gsingh/Work/Projects/EmpiricalErrorAnalysis/build/CMakeFiles/CMakeTmp/src.cxx:2:10: fatal error: 'omp.h' file not found
#include <omp.h>
         ^
1 error generated.
make[1]: *** [CMakeFiles/cmTC_472d0.dir/src.cxx.o] Error 1
make: *** [cmTC_472d0/fast] Error 2

Source file was:

#include <omp.h>
int main() {
#ifdef _OPENMP
  return 0;
#else
  breaks_on_purpose
#endif
}

Performing C++ SOURCE FILE Test OpenMP_FLAG_DETECTED failed with the following output:
Change Dir: /Users/gsingh/Work/Projects/EmpiricalErrorAnalysis/build/CMakeFiles/CMakeTmp

Run Build Command:"/usr/bin/make" "cmTC_b4bef/fast"
/Applications/Xcode.app/Contents/Developer/usr/bin/make -f CMakeFiles/cmTC_b4bef.dir/build.make CMakeFiles/cmTC_b4bef.dir/build
Building CXX object CMakeFiles/cmTC_b4bef.dir/src.cxx.o
/Applications/Xcode.app/Contents/Developer/Toolchains/XcodeDefault.xctoolchain/usr/bin/c++     -std=c++11 -DOpenMP_FLAG_DETECTED /openmp   -o CMakeFiles/cmTC_b4bef.dir/src.cxx.o -c /Users/gsingh/Work/Projects/EmpiricalErrorAnalysis/build/CMakeFiles/CMakeTmp/src.cxx
clang: error: no such file or directory: '/openmp'
make[1]: *** [CMakeFiles/cmTC_b4bef.dir/src.cxx.o] Error 1
make: *** [cmTC_b4bef/fast] Error 2

Source file was:

#include <omp.h>
int main() {
#ifdef _OPENMP
  return 0;
#else
  breaks_on_purpose
#endif
}

Performing C++ SOURCE FILE Test OpenMP_FLAG_DETECTED failed with the following output:
Change Dir: /Users/gsingh/Work/Projects/EmpiricalErrorAnalysis/build/CMakeFiles/CMakeTmp

Run Build Command:"/usr/bin/make" "cmTC_fe844/fast"
/Applications/Xcode.app/Contents/Developer/usr/bin/make -f CMakeFiles/cmTC_fe844.dir/build.make CMakeFiles/cmTC_fe844.dir/build
Building CXX object CMakeFiles/cmTC_fe844.dir/src.cxx.o
/Applications/Xcode.app/Contents/Developer/Toolchains/XcodeDefault.xctoolchain/usr/bin/c++     -std=c++11 -DOpenMP_FLAG_DETECTED -Qopenmp   -o CMakeFiles/cmTC_fe844.dir/src.cxx.o -c /Users/gsingh/Work/Projects/EmpiricalErrorAnalysis/build/CMakeFiles/CMakeTmp/src.cxx
clang: error: unknown argument: '-Qopenmp'
make[1]: *** [CMakeFiles/cmTC_fe844.dir/src.cxx.o] Error 1
make: *** [cmTC_fe844/fast] Error 2

Source file was:

#include <omp.h>
int main() {
#ifdef _OPENMP
  return 0;
#else
  breaks_on_purpose
#endif
}

Performing C++ SOURCE FILE Test OpenMP_FLAG_DETECTED failed with the following output:
Change Dir: /Users/gsingh/Work/Projects/EmpiricalErrorAnalysis/build/CMakeFiles/CMakeTmp

Run Build Command:"/usr/bin/make" "cmTC_fb61c/fast"
/Applications/Xcode.app/Contents/Developer/usr/bin/make -f CMakeFiles/cmTC_fb61c.dir/build.make CMakeFiles/cmTC_fb61c.dir/build
Building CXX object CMakeFiles/cmTC_fb61c.dir/src.cxx.o
/Applications/Xcode.app/Contents/Developer/Toolchains/XcodeDefault.xctoolchain/usr/bin/c++     -std=c++11 -DOpenMP_FLAG_DETECTED -openmp   -o CMakeFiles/cmTC_fb61c.dir/src.cxx.o -c /Users/gsingh/Work/Projects/EmpiricalErrorAnalysis/build/CMakeFiles/CMakeTmp/src.cxx
/Users/gsingh/Work/Projects/EmpiricalErrorAnalysis/build/CMakeFiles/CMakeTmp/src.cxx:2:10: fatal error: 'omp.h' file not found
#include <omp.h>
         ^
1 error generated.
make[1]: *** [CMakeFiles/cmTC_fb61c.dir/src.cxx.o] Error 1
make: *** [cmTC_fb61c/fast] Error 2

Source file was:

#include <omp.h>
int main() {
#ifdef _OPENMP
  return 0;
#else
  breaks_on_purpose
#endif
}

Performing C++ SOURCE FILE Test OpenMP_FLAG_DETECTED failed with the following output:
Change Dir: /Users/gsingh/Work/Projects/EmpiricalErrorAnalysis/build/CMakeFiles/CMakeTmp

Run Build Command:"/usr/bin/make" "cmTC_ba2b5/fast"
/Applications/Xcode.app/Contents/Developer/usr/bin/make -f CMakeFiles/cmTC_ba2b5.dir/build.make CMakeFiles/cmTC_ba2b5.dir/build
Building CXX object CMakeFiles/cmTC_ba2b5.dir/src.cxx.o
/Applications/Xcode.app/Contents/Developer/Toolchains/XcodeDefault.xctoolchain/usr/bin/c++     -std=c++11 -DOpenMP_FLAG_DETECTED -xopenmp   -o CMakeFiles/cmTC_ba2b5.dir/src.cxx.o -c /Users/gsingh/Work/Projects/EmpiricalErrorAnalysis/build/CMakeFiles/CMakeTmp/src.cxx
clang: error: language not recognized: 'openmp'
clang: warning: /Users/gsingh/Work/Projects/EmpiricalErrorAnalysis/build/CMakeFiles/CMakeTmp/src.cxx: 'linker' input unused
make[1]: *** [CMakeFiles/cmTC_ba2b5.dir/src.cxx.o] Error 1
make: *** [cmTC_ba2b5/fast] Error 2

Source file was:

#include <omp.h>
int main() {
#ifdef _OPENMP
  return 0;
#else
  breaks_on_purpose
#endif
}

Performing C++ SOURCE FILE Test OpenMP_FLAG_DETECTED failed with the following output:
Change Dir: /Users/gsingh/Work/Projects/EmpiricalErrorAnalysis/build/CMakeFiles/CMakeTmp

Run Build Command:"/usr/bin/make" "cmTC_08921/fast"
/Applications/Xcode.app/Contents/Developer/usr/bin/make -f CMakeFiles/cmTC_08921.dir/build.make CMakeFiles/cmTC_08921.dir/build
Building CXX object CMakeFiles/cmTC_08921.dir/src.cxx.o
/Applications/Xcode.app/Contents/Developer/Toolchains/XcodeDefault.xctoolchain/usr/bin/c++     -std=c++11 -DOpenMP_FLAG_DETECTED +Oopenmp   -o CMakeFiles/cmTC_08921.dir/src.cxx.o -c /Users/gsingh/Work/Projects/EmpiricalErrorAnalysis/build/CMakeFiles/CMakeTmp/src.cxx
clang: error: no such file or directory: '+Oopenmp'
make[1]: *** [CMakeFiles/cmTC_08921.dir/src.cxx.o] Error 1
make: *** [cmTC_08921/fast] Error 2

Source file was:

#include <omp.h>
int main() {
#ifdef _OPENMP
  return 0;
#else
  breaks_on_purpose
#endif
}

Performing C++ SOURCE FILE Test OpenMP_FLAG_DETECTED failed with the following output:
Change Dir: /Users/gsingh/Work/Projects/EmpiricalErrorAnalysis/build/CMakeFiles/CMakeTmp

Run Build Command:"/usr/bin/make" "cmTC_f9ae1/fast"
/Applications/Xcode.app/Contents/Developer/usr/bin/make -f CMakeFiles/cmTC_f9ae1.dir/build.make CMakeFiles/cmTC_f9ae1.dir/build
Building CXX object CMakeFiles/cmTC_f9ae1.dir/src.cxx.o
/Applications/Xcode.app/Contents/Developer/Toolchains/XcodeDefault.xctoolchain/usr/bin/c++     -std=c++11 -DOpenMP_FLAG_DETECTED -qsmp   -o CMakeFiles/cmTC_f9ae1.dir/src.cxx.o -c /Users/gsingh/Work/Projects/EmpiricalErrorAnalysis/build/CMakeFiles/CMakeTmp/src.cxx
clang: error: unknown argument: '-qsmp'
make[1]: *** [CMakeFiles/cmTC_f9ae1.dir/src.cxx.o] Error 1
make: *** [cmTC_f9ae1/fast] Error 2

Source file was:

#include <omp.h>
int main() {
#ifdef _OPENMP
  return 0;
#else
  breaks_on_purpose
#endif
}

Performing C++ SOURCE FILE Test OpenMP_FLAG_DETECTED failed with the following output:
Change Dir: /Users/gsingh/Work/Projects/EmpiricalErrorAnalysis/build/CMakeFiles/CMakeTmp

Run Build Command:"/usr/bin/make" "cmTC_402b0/fast"
/Applications/Xcode.app/Contents/Developer/usr/bin/make -f CMakeFiles/cmTC_402b0.dir/build.make CMakeFiles/cmTC_402b0.dir/build
Building CXX object CMakeFiles/cmTC_402b0.dir/src.cxx.o
/Applications/Xcode.app/Contents/Developer/Toolchains/XcodeDefault.xctoolchain/usr/bin/c++     -std=c++11 -DOpenMP_FLAG_DETECTED -mp   -o CMakeFiles/cmTC_402b0.dir/src.cxx.o -c /Users/gsingh/Work/Projects/EmpiricalErrorAnalysis/build/CMakeFiles/CMakeTmp/src.cxx
clang: error: unknown argument: '-mp'
make[1]: *** [CMakeFiles/cmTC_402b0.dir/src.cxx.o] Error 1
make: *** [cmTC_402b0/fast] Error 2

Source file was:

#include <omp.h>
int main() {
#ifdef _OPENMP
  return 0;
#else
  breaks_on_purpose
#endif
}

